<?xml version="1.0" encoding="UTF-8"?>
<!-- Generated by org.testng.reporters.JUnitXMLReporter -->
<testsuite hostname="DESKTOP-VE77QOO" ignored="7" name="Test" tests="5" failures="0" timestamp="2023-01-18T14:43:22 IST" time="60.825" errors="0">
  <testcase name="appointment_historyTest" time="21.702" classname="Patient_module.Appointment_historyTest"/>
  <testcase name="addPatient_mgePatientTest" time="5.729" classname="Doctor_module.Doc_Test"/>
  <testcase name="generateReport" time="5.556" classname="Doctor_module.Doc_Test"/>
  <testcase name="Manage_doc" time="4.358" classname="admin_module.Admin_Test"/>
  <testcase name="ManageUSer" time="2.258" classname="admin_module.Admin_Test"/>
  <testcase name="@BeforeSuite configBS" time="0.0" classname="com.hms.generic.BaseClass">
    <ignored/>
  </testcase> <!-- @BeforeSuite configBS -->
  <testcase name="@BeforeSuite configBS" time="0.0" classname="com.hms.generic.BaseClass">
    <ignored/>
  </testcase> <!-- @BeforeSuite configBS -->
  <testcase name="@BeforeSuite configBS" time="0.0" classname="com.hms.generic.BaseClass">
    <ignored/>
  </testcase> <!-- @BeforeSuite configBS -->
  <testcase name="contactUs_QueriesTest" time="0.0" classname="ContactUS_module.ContactUs_QueriesTest">
    <ignored/>
  </testcase> <!-- contactUs_QueriesTest -->
  <testcase name="@AfterSuite configAS" time="0.0" classname="com.hms.generic.BaseClass">
    <ignored/>
  </testcase> <!-- @AfterSuite configAS -->
  <testcase name="@AfterSuite configAS" time="0.0" classname="com.hms.generic.BaseClass">
    <ignored/>
  </testcase> <!-- @AfterSuite configAS -->
  <testcase name="@AfterSuite configAS" time="0.0" classname="com.hms.generic.BaseClass">
    <ignored/>
  </testcase> <!-- @AfterSuite configAS -->
</testsuite> <!-- Test -->
