<?xml version="1.0" encoding="UTF-8"?>
<!-- Generated by org.testng.reporters.JUnitXMLReporter -->
<testsuite hostname="DESKTOP-VE77QOO" ignored="6" name="Test1" tests="6" failures="0" timestamp="2023-01-18T14:20:34 IST" time="91.996" errors="0">
  <testcase name="appointment_historyTest" time="27.487" classname="Patient_module.Appointment_historyTest"/>
  <testcase name="addPatient_mgePatientTest" time="8.67" classname="Doctor_module.Doc_Test"/>
  <testcase name="generateReport" time="7.661" classname="Doctor_module.Doc_Test"/>
  <testcase name="Manage_doc" time="4.711" classname="admin_module.Admin_Test"/>
  <testcase name="ManageUSer" time="2.828" classname="admin_module.Admin_Test"/>
  <testcase name="contactUs_QueriesTest" time="5.241" classname="ContactUS_module.ContactUs_QueriesTest"/>
  <testcase name="@BeforeSuite configBS" time="0.0" classname="com.hms.generic.BaseClass">
    <ignored/>
  </testcase> <!-- @BeforeSuite configBS -->
  <testcase name="@BeforeSuite configBS" time="0.0" classname="com.hms.generic.BaseClass">
    <ignored/>
  </testcase> <!-- @BeforeSuite configBS -->
  <testcase name="@BeforeSuite configBS" time="0.0" classname="com.hms.generic.BaseClass">
    <ignored/>
  </testcase> <!-- @BeforeSuite configBS -->
  <testcase name="@AfterSuite configAS" time="0.0" classname="com.hms.generic.BaseClass">
    <ignored/>
  </testcase> <!-- @AfterSuite configAS -->
  <testcase name="@AfterSuite configAS" time="0.0" classname="com.hms.generic.BaseClass">
    <ignored/>
  </testcase> <!-- @AfterSuite configAS -->
  <testcase name="@AfterSuite configAS" time="0.0" classname="com.hms.generic.BaseClass">
    <ignored/>
  </testcase> <!-- @AfterSuite configAS -->
</testsuite> <!-- Test1 -->
