<?xml version="1.0" encoding="UTF-8"?>
<!-- Generated by org.testng.reporters.JUnitXMLReporter -->
<testsuite hostname="DESKTOP-VE77QOO" ignored="6" name="Test2" tests="6" failures="0" timestamp="2023-01-18T14:21:35 IST" time="59.441" errors="0">
  <testcase name="appointment_historyTest" time="13.082" classname="Patient_module.Appointment_historyTest"/>
  <testcase name="addPatient_mgePatientTest" time="5.264" classname="Doctor_module.Doc_Test"/>
  <testcase name="generateReport" time="5.424" classname="Doctor_module.Doc_Test"/>
  <testcase name="Manage_doc" time="4.077" classname="admin_module.Admin_Test"/>
  <testcase name="ManageUSer" time="2.243" classname="admin_module.Admin_Test"/>
  <testcase name="contactUs_QueriesTest" time="4.56" classname="ContactUS_module.ContactUs_QueriesTest"/>
  <testcase name="@BeforeSuite configBS" time="0.0" classname="com.hms.generic.BaseClass">
    <ignored/>
  </testcase> <!-- @BeforeSuite configBS -->
  <testcase name="@BeforeSuite configBS" time="0.0" classname="com.hms.generic.BaseClass">
    <ignored/>
  </testcase> <!-- @BeforeSuite configBS -->
  <testcase name="@BeforeSuite configBS" time="0.0" classname="com.hms.generic.BaseClass">
    <ignored/>
  </testcase> <!-- @BeforeSuite configBS -->
  <testcase name="@AfterSuite configAS" time="0.0" classname="com.hms.generic.BaseClass">
    <ignored/>
  </testcase> <!-- @AfterSuite configAS -->
  <testcase name="@AfterSuite configAS" time="0.0" classname="com.hms.generic.BaseClass">
    <ignored/>
  </testcase> <!-- @AfterSuite configAS -->
  <testcase name="@AfterSuite configAS" time="0.0" classname="com.hms.generic.BaseClass">
    <ignored/>
  </testcase> <!-- @AfterSuite configAS -->
</testsuite> <!-- Test2 -->
